<?xml version="1.0" encoding="UTF-8"?>
<testsuite name="test.java.MainTest" tests="3" skipped="0" failures="0" errors="0" timestamp="2018-06-19T22:45:33" hostname="MacBook-Pro.local" time="0.004">
  <properties/>
  <testcase name="givenThatFileDoesNotExistThrowException" classname="test.java.MainTest" time="0.001"/>
  <testcase name="testFileReading" classname="test.java.MainTest" time="0.003"/>
  <testcase name="testOrganiseTalkExceptionTrown" classname="test.java.MainTest" time="0.0"/>
  <system-out><![CDATA[Track 0
09:00 Ruby on Rails Legacy App Maintenance 60min
10:00 Ruby on Rails: Why We Should Move On 60min
11:00 Rails Magic 60min
12:00 Lunch Time 
13:00 Ruby vs. Clojure for Back-End Development 30min
13:30 Programming in the Boondocks of Seattle 30min
14:00 Sit Down and Write 30min
14:30 Woah 30min
15:00 Lua for the Masses 30min
15:30 Clojure Ate Scala (on my project) 45min
16:15 Rails for Python Developers lightning 5min
17:00 Network Event 

Track 1
09:00 Communicating Over Distance 60min
10:00 Writing Fast Tests Against Enterprise Rails 60min
11:00 User Interface CSS in Rails Apps 30min
11:30 A World Without HackerNews 30min
12:00 Lunch Time 
13:00 Pair Programming vs Noise 45min
13:45 Accounting-Driven Development 45min
14:30 Common Ruby Errors 45min
15:15 Ruby Errors from Mismatched Gem Versions 45min
16:00 Overdoing it in Python 45min
17:00 Network Event 

]]></system-out>
  <system-err><![CDATA[]]></system-err>
</testsuite>
