<?xml version="1.0" encoding="UTF-8"?>
<testsuite name="test.java.SessionTest" tests="1" skipped="0" failures="0" errors="0" timestamp="2018-06-19T22:45:33" hostname="MacBook-Pro.local" time="0.0">
  <properties/>
  <testcase name="testGetSessionLength" classname="test.java.SessionTest" time="0.0"/>
  <system-out><![CDATA[]]></system-out>
  <system-err><![CDATA[]]></system-err>
</testsuite>
