<?xml version="1.0" encoding="UTF-8"?>
<testsuite name="test.java.TrackTest" tests="3" skipped="0" failures="0" errors="0" timestamp="2018-06-19T22:45:33" hostname="MacBook-Pro.local" time="0.046">
  <properties/>
  <testcase name="testGetMorning_session" classname="test.java.TrackTest" time="0.045"/>
  <testcase name="testGetAfternoon_session" classname="test.java.TrackTest" time="0.0"/>
  <testcase name="testGetTotalTalkTime" classname="test.java.TrackTest" time="0.001"/>
  <system-out><![CDATA[]]></system-out>
  <system-err><![CDATA[]]></system-err>
</testsuite>
