<?xml version="1.0" encoding="UTF-8"?>
<testsuite name="test.java.ConferenceTest" tests="6" skipped="0" failures="0" errors="0" timestamp="2018-06-19T22:45:33" hostname="MacBook-Pro.local" time="0.009">
  <properties/>
  <testcase name="testBuildMorningSession" classname="test.java.ConferenceTest" time="0.0"/>
  <testcase name="testTestconf" classname="test.java.ConferenceTest" time="0.006"/>
  <testcase name="giveThatOnlyTwoTalksExistShouldReturnError" classname="test.java.ConferenceTest" time="0.0"/>
  <testcase name="testTestconfTwoTracks" classname="test.java.ConferenceTest" time="0.001"/>
  <testcase name="testBuildAfternoonSession" classname="test.java.ConferenceTest" time="0.0"/>
  <testcase name="givenOneAndAHalfDaysofTalksShouldReturnTwoTracks" classname="test.java.ConferenceTest" time="0.0"/>
  <system-out><![CDATA[Track 0
09:00 talk6 120min
11:00 talk6 60min
12:00 Lunch Time 
13:00 talk6 115min
14:55 talk6 115min
16:50 talk6 5min
17:00 Network Event 
-----
Track 1
09:00 talk5 120min
11:00 talk6 60min
12:00 Lunch Time 
13:00 talk6 60min
14:00 talk1 60min
15:00 talk6 40min
15:40 talk3 40min
16:20 talk6 30min
16:50 talk6 5min
17:00 Network Event 
-----
]]></system-out>
  <system-err><![CDATA[]]></system-err>
</testsuite>
